\BOOKMARK [1][-]{section.1}{INTRODUCTION}{}% 1
\BOOKMARK [2][-]{subsection.1.1}{Related Work}{section.1}% 2
\BOOKMARK [2][-]{subsection.1.2}{Preliminaries}{section.1}% 3
\BOOKMARK [1][-]{section.2}{Reflection}{}% 4
\BOOKMARK [1][-]{section.3}{Anomaly Detection}{}% 5
\BOOKMARK [2][-]{subsection.3.1}{Feature Extraction}{section.3}% 6
\BOOKMARK [2][-]{subsection.3.2}{Classification}{section.3}% 7
\BOOKMARK [2][-]{subsection.3.3}{Recovery}{section.3}% 8
\BOOKMARK [1][-]{section.4}{Testing Setup}{}% 9
\BOOKMARK [2][-]{subsection.4.1}{Control}{section.4}% 10
\BOOKMARK [2][-]{subsection.4.2}{Dimensions of Satellite}{section.4}% 11
\BOOKMARK [2][-]{subsection.4.3}{Orbit Parameters}{section.4}% 12
\BOOKMARK [2][-]{subsection.4.4}{Sensors}{section.4}% 13
\BOOKMARK [1][-]{section.5}{Results}{}% 14
\BOOKMARK [2][-]{subsection.5.1}{Perfect Designed Satellite Without Reflection}{section.5}% 15
\BOOKMARK [2][-]{subsection.5.2}{Satellite With Reflection}{section.5}% 16
\BOOKMARK [2][-]{subsection.5.3}{Perfect Prediction}{section.5}% 17
\BOOKMARK [3][-]{subsubsection.5.3.1}{Satellite With Recovery Ignore}{subsection.5.3}% 18
\BOOKMARK [3][-]{subsubsection.5.3.2}{Satellite With Recovery Reset}{subsection.5.3}% 19
\BOOKMARK [3][-]{subsubsection.5.3.3}{Satellite With Recovery Combination}{subsection.5.3}% 20
\BOOKMARK [2][-]{subsection.5.4}{Decision Tree Prediction}{section.5}% 21
\BOOKMARK [3][-]{subsubsection.5.4.1}{Satellite With Recovery Ignore}{subsection.5.4}% 22
\BOOKMARK [3][-]{subsubsection.5.4.2}{Satellite With Recovery Reset}{subsection.5.4}% 23
\BOOKMARK [3][-]{subsubsection.5.4.3}{Satellite With Recovery Combination}{subsection.5.4}% 24
\BOOKMARK [2][-]{subsection.5.5}{Random Forest Prediction}{section.5}% 25
\BOOKMARK [3][-]{subsubsection.5.5.1}{Satellite With Recovery Ignore}{subsection.5.5}% 26
\BOOKMARK [3][-]{subsubsection.5.5.2}{Satellite With Recovery Reset}{subsection.5.5}% 27
\BOOKMARK [3][-]{subsubsection.5.5.3}{Satellite With Recovery Combination}{subsection.5.5}% 28
\BOOKMARK [1][-]{section.6}{CONCLUSIONS}{}% 29
\BOOKMARK [1][-]{section*.1}{References}{}% 30
